<?xml version="1.0" encoding="UTF-8"?>
<testng-results ignored="0" total="1" passed="0" failed="1" skipped="0">
  <reporter-output>
  </reporter-output>
  <suite started-at="2024-01-02T22:18:18 IST" name="Default suite" finished-at="2024-01-02T22:18:40 IST" duration-ms="22200">
    <groups>
    </groups>
    <test started-at="2024-01-02T22:18:18 IST" name="Default test" finished-at="2024-01-02T22:18:40 IST" duration-ms="22200">
      <class name="com.plateiq.qa.testcases.CalenderPageTest">
        <test-method is-config="true" signature="setUp()[pri:0, instance:com.plateiq.qa.testcases.CalenderPageTest@41e1e210]" started-at="2024-01-02T22:18:18 IST" name="setUp" finished-at="2024-01-02T22:18:27 IST" duration-ms="8611" status="PASS">
          <reporter-output>
          </reporter-output>
        </test-method> <!-- setUp -->
        <test-method signature="CalenderPageTitleTest()[pri:1, instance:com.plateiq.qa.testcases.CalenderPageTest@41e1e210]" started-at="2024-01-02T22:18:27 IST" name="CalenderPageTitleTest" finished-at="2024-01-02T22:18:40 IST" duration-ms="13536" status="FAIL">
          <exception class="java.lang.NullPointerException">
            <message>
              <![CDATA[Cannot invoke "com.plateiq.qa.pages.CalenderPage.validateCalenderPageTitle()" because "this.calenderPage" is null]]>
            </message>
            <full-stacktrace>
              <![CDATA[java.lang.NullPointerException: Cannot invoke "com.plateiq.qa.pages.CalenderPage.validateCalenderPageTitle()" because "this.calenderPage" is null
at com.plateiq.qa.testcases.CalenderPageTest.CalenderPageTitleTest(CalenderPageTest.java:30)
at java.base/jdk.internal.reflect.DirectMethodHandleAccessor.invoke(DirectMethodHandleAccessor.java:104)
at java.base/java.lang.reflect.Method.invoke(Method.java:577)
at org.testng.internal.MethodInvocationHelper.invokeMethod(MethodInvocationHelper.java:133)
at org.testng.internal.TestInvoker.invokeMethod(TestInvoker.java:598)
at org.testng.internal.TestInvoker.invokeTestMethod(TestInvoker.java:173)
at org.testng.internal.MethodRunner.runInSequence(MethodRunner.java:46)
at org.testng.internal.TestInvoker$MethodInvocationAgent.invoke(TestInvoker.java:824)
at org.testng.internal.TestInvoker.invokeTestMethods(TestInvoker.java:146)
at org.testng.internal.TestMethodWorker.invokeTestMethods(TestMethodWorker.java:146)
at org.testng.internal.TestMethodWorker.run(TestMethodWorker.java:128)
at java.base/java.util.ArrayList.forEach(ArrayList.java:1511)
at org.testng.TestRunner.privateRun(TestRunner.java:794)
at org.testng.TestRunner.run(TestRunner.java:596)
at org.testng.SuiteRunner.runTest(SuiteRunner.java:377)
at org.testng.SuiteRunner.runSequentially(SuiteRunner.java:371)
at org.testng.SuiteRunner.privateRun(SuiteRunner.java:332)
at org.testng.SuiteRunner.run(SuiteRunner.java:276)
at org.testng.SuiteRunnerWorker.runSuite(SuiteRunnerWorker.java:53)
at org.testng.SuiteRunnerWorker.run(SuiteRunnerWorker.java:96)
at org.testng.TestNG.runSuitesSequentially(TestNG.java:1212)
at org.testng.TestNG.runSuitesLocally(TestNG.java:1134)
at org.testng.TestNG.runSuites(TestNG.java:1063)
at org.testng.TestNG.run(TestNG.java:1031)
at org.testng.remote.AbstractRemoteTestNG.run(AbstractRemoteTestNG.java:115)
at org.testng.remote.RemoteTestNG.initAndRun(RemoteTestNG.java:251)
at org.testng.remote.RemoteTestNG.main(RemoteTestNG.java:77)
]]>
            </full-stacktrace>
          </exception> <!-- java.lang.NullPointerException -->
          <reporter-output>
          </reporter-output>
        </test-method> <!-- CalenderPageTitleTest -->
      </class> <!-- com.plateiq.qa.testcases.CalenderPageTest -->
    </test> <!-- Default test -->
  </suite> <!-- Default suite -->
</testng-results>
